QuestaSim vlog 10.6c Compiler 2017.07 Jul 25 2017
Start time: 16:49:03 on Nov 08,2025
vlog -sv "+acc" "+cover" "+fcover" -l top.log top.sv 
** Note: (vlog-2286) package.sv(2): Using implicit +incdir+/tools/mentor/questasim_10.6c/questasim/uvm-1.1d/../verilog_src/uvm-1.1d/src from import uvm_pkg
-- Compiling package top_sv_unit
-- Importing package pkg
-- Importing package mtiUvm.uvm_pkg (uvm-1.1d Built-in)
-- Compiling module FIFO_memory
-- Compiling module rptr_empty
-- Compiling module two_ff_sync
-- Compiling module wptr_full
-- Compiling module FIFO
-- Compiling package pkg
** Warning: sequence.sv(14): (vlog-2240) Treating stand-alone use of function 'randomize' as an implicit VOID cast.
** Warning: sequence.sv(21): (vlog-2240) Treating stand-alone use of function 'randomize' as an implicit VOID cast.
** Warning: sequence.sv(40): (vlog-2240) Treating stand-alone use of function 'randomize' as an implicit VOID cast.
** Warning: sequence.sv(47): (vlog-2240) Treating stand-alone use of function 'randomize' as an implicit VOID cast.
** Warning: sequence.sv(66): (vlog-2240) Treating stand-alone use of function 'randomize' as an implicit VOID cast.
** Warning: sequence.sv(73): (vlog-2240) Treating stand-alone use of function 'randomize' as an implicit VOID cast.
** Warning: sequence.sv(79): (vlog-2240) Treating stand-alone use of function 'randomize' as an implicit VOID cast.
** Warning: sequence.sv(97): (vlog-2240) Treating stand-alone use of function 'randomize' as an implicit VOID cast.
** Warning: sequence.sv(103): (vlog-2240) Treating stand-alone use of function 'randomize' as an implicit VOID cast.
** Warning: sequence.sv(109): (vlog-2240) Treating stand-alone use of function 'randomize' as an implicit VOID cast.
-- Compiling interface inf
-- Compiling module top

Top level modules:
	top
End time: 16:49:04 on Nov 08,2025, Elapsed time: 0:00:01
Errors: 0, Warnings: 10
